Using pre-set license
Built from '2021.2/staging' branch; Version is '2021.2.9f1 (921b45a28ab6) revision 9575237'; Using compiler version '192829333'; Build Type 'Release'
OS: 'Windows 10  (10.0.19044) 64bit Core' Language: 'ja' Physical Memory: 32594 MB
BatchMode: 1, IsHumanControllingUs: 0, StartBugReporterOnCrash: 0, Is64bit: 1, IsPro: 0

COMMAND LINE ARGUMENTS:
C:\Program Files\Unity\Hub\Editor\2021.2.9f1\Editor\Unity.exe
-adb2
-batchMode
-noUpm
-name
AssetImportWorker0
-projectPath
C:/Users/kawashima/Desktop/Galahad
-logFile
Logs/AssetImportWorker0.log
-srvPort
57317
Successfully changed project path to: C:/Users/kawashima/Desktop/Galahad
C:/Users/kawashima/Desktop/Galahad
[UnityMemory] Configuration Parameters - Can be set up in boot.config
    "memorysetup-bucket-allocator-granularity=16"
    "memorysetup-bucket-allocator-bucket-count=8"
    "memorysetup-bucket-allocator-block-size=33554432"
    "memorysetup-bucket-allocator-block-count=8"
    "memorysetup-main-allocator-block-size=16777216"
    "memorysetup-thread-allocator-block-size=16777216"
    "memorysetup-gfx-main-allocator-block-size=16777216"
    "memorysetup-gfx-thread-allocator-block-size=16777216"
    "memorysetup-cache-allocator-block-size=4194304"
    "memorysetup-typetree-allocator-block-size=2097152"
    "memorysetup-profiler-bucket-allocator-granularity=16"
    "memorysetup-profiler-bucket-allocator-bucket-count=8"
    "memorysetup-profiler-bucket-allocator-block-size=33554432"
    "memorysetup-profiler-bucket-allocator-block-count=8"
    "memorysetup-profiler-allocator-block-size=16777216"
    "memorysetup-profiler-editor-allocator-block-size=1048576"
    "memorysetup-temp-allocator-size-main=16777216"
    "memorysetup-job-temp-allocator-block-size=2097152"
    "memorysetup-job-temp-allocator-block-size-background=1048576"
    "memorysetup-job-temp-allocator-reduction-small-platforms=262144"
    "memorysetup-temp-allocator-size-background-worker=32768"
    "memorysetup-temp-allocator-size-job-worker=262144"
    "memorysetup-temp-allocator-size-preload-manager=33554432"
    "memorysetup-temp-allocator-size-nav-mesh-worker=65536"
    "memorysetup-temp-allocator-size-audio-worker=65536"
    "memorysetup-temp-allocator-size-cloud-worker=32768"
    "memorysetup-temp-allocator-size-gi-baking-worker=262144"
    "memorysetup-temp-allocator-size-gfx=262144"
Refreshing native plugins compatible for Editor in 53.89 ms, found 2 plugins.
Preloading 0 native plugins for Editor in 0.00 ms.
Initialize engine version: 2021.2.9f1 (921b45a28ab6)
[Subsystems] Discovering subsystems at path C:/Program Files/Unity/Hub/Editor/2021.2.9f1/Editor/Data/Resources/UnitySubsystems
[Subsystems] Discovering subsystems at path C:/Users/kawashima/Desktop/Galahad/Assets
GfxDevice: creating device client; threaded=0; jobified=0
Direct3D:
    Version:  Direct3D 11.0 [level 11.1]
    Renderer: NVIDIA GeForce RTX 2060 (ID=0x1f15)
    Vendor:   NVIDIA
    VRAM:     5980 MB
    Driver:   30.0.15.1289
Initialize mono
Mono path[0] = 'C:/Program Files/Unity/Hub/Editor/2021.2.9f1/Editor/Data/Managed'
Mono path[1] = 'C:/Program Files/Unity/Hub/Editor/2021.2.9f1/Editor/Data/MonoBleedingEdge/lib/mono/unityjit-win32'
Mono config path = 'C:/Program Files/Unity/Hub/Editor/2021.2.9f1/Editor/Data/MonoBleedingEdge/etc'
Using monoOptions --debugger-agent=transport=dt_socket,embedding=1,server=y,suspend=n,address=127.0.0.1:56948
Begin MonoManager ReloadAssembly
Registering precompiled unity dll's ...
Register platform support module: C:/Program Files/Unity/Hub/Editor/2021.2.9f1/Editor/Data/PlaybackEngines/WindowsStandaloneSupport/UnityEditor.WindowsStandalone.Extensions.dll
Registered in 0.005621 seconds.
Native extension for WindowsStandalone target not found
Refreshing native plugins compatible for Editor in 54.41 ms, found 2 plugins.
Preloading 0 native plugins for Editor in 0.00 ms.
Mono: successfully reloaded assembly
- Completed reload, in  0.543 seconds
Domain Reload Profiling:
	ReloadAssembly (544ms)
		BeginReloadAssembly (75ms)
			ExecutionOrderSort (0ms)
			DisableScriptedObjects (0ms)
			BackupInstance (0ms)
			ReleaseScriptingObjects (0ms)
			CreateAndSetChildDomain (1ms)
		EndReloadAssembly (396ms)
			LoadAssemblies (73ms)
			RebuildTransferFunctionScriptingTraits (0ms)
			SetupTypeCache (89ms)
			ReleaseScriptCaches (0ms)
			RebuildScriptCaches (26ms)
			SetupLoadedEditorAssemblies (233ms)
				LogAssemblyErrors (0ms)
				InitializePlatformSupportModulesInManaged (15ms)
				SetLoadedEditorAssemblies (0ms)
				RefreshPlugins (55ms)
				BeforeProcessingInitializeOnLoad (1ms)
				ProcessInitializeOnLoadAttributes (119ms)
				ProcessInitializeOnLoadMethodAttributes (44ms)
				AfterProcessingInitializeOnLoad (0ms)
				EditorAssembliesLoaded (0ms)
			ExecutionOrderSort2 (0ms)
			AwakeInstancesAfterBackupRestoration (0ms)
Platform modules already initialized, skipping
Registering precompiled user dll's ...
Registered in 0.007653 seconds.
Begin MonoManager ReloadAssembly
Native extension for WindowsStandalone target not found
Refreshing native plugins compatible for Editor in 0.59 ms, found 2 plugins.
Preloading 0 native plugins for Editor in 0.00 ms.
Package Manager log level set to [2]
Mono: successfully reloaded assembly
- Completed reload, in  0.953 seconds
Domain Reload Profiling:
	ReloadAssembly (954ms)
		BeginReloadAssembly (98ms)
			ExecutionOrderSort (0ms)
			DisableScriptedObjects (5ms)
			BackupInstance (0ms)
			ReleaseScriptingObjects (0ms)
			CreateAndSetChildDomain (18ms)
		EndReloadAssembly (765ms)
			LoadAssemblies (67ms)
			RebuildTransferFunctionScriptingTraits (0ms)
			SetupTypeCache (199ms)
			ReleaseScriptCaches (0ms)
			RebuildScriptCaches (45ms)
			SetupLoadedEditorAssemblies (415ms)
				LogAssemblyErrors (0ms)
				InitializePlatformSupportModulesInManaged (11ms)
				SetLoadedEditorAssemblies (0ms)
				RefreshPlugins (1ms)
				BeforeProcessingInitializeOnLoad (69ms)
				ProcessInitializeOnLoadAttributes (231ms)
				ProcessInitializeOnLoadMethodAttributes (95ms)
				AfterProcessingInitializeOnLoad (7ms)
				EditorAssembliesLoaded (0ms)
			ExecutionOrderSort2 (0ms)
			AwakeInstancesAfterBackupRestoration (6ms)
Platform modules already initialized, skipping
========================================================================
Worker process is ready to serve import requests
Launched and connected shader compiler UnityShaderCompiler.exe after 0.04 seconds
Refreshing native plugins compatible for Editor in 0.53 ms, found 2 plugins.
Preloading 0 native plugins for Editor in 0.00 ms.
Unloading 2726 Unused Serialized files (Serialized files now loaded: 0)
Unloading 64 unused Assets / (88.2 KB). Loaded Objects now: 3155.
Memory consumption went from 102.7 MB to 102.6 MB.
Total: 5.120600 ms (FindLiveObjects: 0.231300 ms CreateObjectMapping: 0.165100 ms MarkObjects: 4.632500 ms  DeleteObjects: 0.091100 ms)

AssetImportParameters requested are different than current active one (requested -> active):
  custom:video-decoder-ogg-theora: a1e56fd34408186e4bbccfd4996cb3dc -> 
  custom:container-muxer-webm: aa71ff27fc2769a1b78a27578f13a17b -> 
  custom:container-demuxer-webm: 4f35f7cbe854078d1ac9338744f61a02 -> 
  custom:video-encoder-webm-vp8: eb34c28f22e8b96e1ab97ce403110664 -> 
  custom:audio-encoder-webm-vorbis: bf7c407c2cedff20999df2af8eb42d56 -> 
  custom:framework-win-MediaFoundation: 216162199b28c13a410421893ffa2e32 -> 
  custom:container-demuxer-ogg: 62fdf1f143b41e24485cea50d1cbac27 -> 
  custom:video-decoder-webm-vp8: 9c59270c3fd7afecdb556c50c9e8de78 -> 
  custom:audio-decoder-ogg-vorbis: bf7c407c2cedff20999df2af8eb42d56 -> 
========================================================================
Received Import Request.
  Time since last request: 209801.622356 seconds.
  path: Assets/Plugins
  artifactKey: Guid(d97e3b94990e14707ba7d9d3feb0f294) Importer(815301076,1909f56bfc062723c751e8b465ee728b)
Start importing Assets/Plugins using Guid(d97e3b94990e14707ba7d9d3feb0f294) Importer(815301076,1909f56bfc062723c751e8b465ee728b)  -> (artifact id: '4e9997fdc441281b634fe83190a798dd') in 0.010769 seconds 
========================================================================
Received Import Request.
  Time since last request: 22.899302 seconds.
  path: Assets/Galahad/Materials/cartoon/C-default.mat
  artifactKey: Guid(c78c990366b224649afcf8ef600a22cc) Importer(815301076,1909f56bfc062723c751e8b465ee728b)
Start importing Assets/Galahad/Materials/cartoon/C-default.mat using Guid(c78c990366b224649afcf8ef600a22cc) Importer(815301076,1909f56bfc062723c751e8b465ee728b)  -> (artifact id: '09d15690167d4b754b66f8113b2eb020') in 0.130650 seconds 
========================================================================
Received Import Request.
  Time since last request: 0.000017 seconds.
  path: Assets/Galahad/Materials/cartoon/O-default.mat
  artifactKey: Guid(7350ba8318d484ff79d087f0d0116d7c) Importer(815301076,1909f56bfc062723c751e8b465ee728b)
Start importing Assets/Galahad/Materials/cartoon/O-default.mat using Guid(7350ba8318d484ff79d087f0d0116d7c) Importer(815301076,1909f56bfc062723c751e8b465ee728b)  -> (artifact id: '6d1b8924d8f161670cc96628769d71ea') in 0.012367 seconds 
========================================================================
Received Import Request.
  Time since last request: 0.000020 seconds.
  path: Assets/Galahad/Materials/cartoon/N-default.mat
  artifactKey: Guid(6fbd17873cb4041cfa8453ab3f98204a) Importer(815301076,1909f56bfc062723c751e8b465ee728b)
Start importing Assets/Galahad/Materials/cartoon/N-default.mat using Guid(6fbd17873cb4041cfa8453ab3f98204a) Importer(815301076,1909f56bfc062723c751e8b465ee728b)  -> (artifact id: '79004cbb717565bf62bd5cb1d5657bf8') in 0.025628 seconds 
========================================================================
Received Import Request.
  Time since last request: 0.000016 seconds.
  path: Assets/Galahad/Materials/cartoon/H-default.mat
  artifactKey: Guid(e7173d2a900474d7b9d9b39f6debb6f6) Importer(815301076,1909f56bfc062723c751e8b465ee728b)
Start importing Assets/Galahad/Materials/cartoon/H-default.mat using Guid(e7173d2a900474d7b9d9b39f6debb6f6) Importer(815301076,1909f56bfc062723c751e8b465ee728b)  -> (artifact id: '0b14c5ff3b28bc8417b22b7ca16a30d2') in 0.013915 seconds 
========================================================================
Received Import Request.
  Time since last request: 1.119578 seconds.
  path: Assets/Galahad/Materials/default/C-default.mat
  artifactKey: Guid(dbf7f1d4f338d4d7b89ad2471e69545e) Importer(815301076,1909f56bfc062723c751e8b465ee728b)
Start importing Assets/Galahad/Materials/default/C-default.mat using Guid(dbf7f1d4f338d4d7b89ad2471e69545e) Importer(815301076,1909f56bfc062723c751e8b465ee728b)  -> (artifact id: '7b7620b016a24bdafa55a71b23e6944b') in 0.007578 seconds 
========================================================================
Received Import Request.
  Time since last request: 0.000013 seconds.
  path: Assets/Galahad/Materials/default/N-default.mat
  artifactKey: Guid(031c41ddcb06845a99ba123ba64cc739) Importer(815301076,1909f56bfc062723c751e8b465ee728b)
Start importing Assets/Galahad/Materials/default/N-default.mat using Guid(031c41ddcb06845a99ba123ba64cc739) Importer(815301076,1909f56bfc062723c751e8b465ee728b)  -> (artifact id: '9ddf4ae425b50f8bf6817d727c5a506a') in 0.009855 seconds 
========================================================================
Received Import Request.
  Time since last request: 0.000029 seconds.
  path: Assets/Galahad/Materials/default/S-default.mat
  artifactKey: Guid(76e4d78b0fb224aedad6d681669fb0fe) Importer(815301076,1909f56bfc062723c751e8b465ee728b)
Start importing Assets/Galahad/Materials/default/S-default.mat using Guid(76e4d78b0fb224aedad6d681669fb0fe) Importer(815301076,1909f56bfc062723c751e8b465ee728b)  -> (artifact id: '591ffeb7d8abfa4fd4c9a1ae8a9700a1') in 0.009281 seconds 
Editor requested this worker to shutdown with reason: Scaling down because of idle timeout
AssetImportWorker is now disconnected from the server
Process exiting
Exiting without the bug reporter. Application will terminate with return code 0